This is XeTeX, Version 3.141592653-2.6-0.999993 (TeX Live 2021) (preloaded format=xelatex 2021.9.6)  23 SEP 2021 15:01
entering extended mode
 restricted \write18 enabled.
 %&-line parsing enabled.
**education.tex
(./education.tex
LaTeX2e <2020-10-01> patch level 4
L3 programming layer <2021-02-18>
! Undefined control sequence.
l.4 \cvsection
              {Education}
The control sequence at the end of the top line
of your error message was never \def'ed. If you have
misspelled it (e.g., `\hobx'), type `I' and the correct
spelling (e.g., `I\hbox'). Otherwise just continue,
and I'll forget about whatever was undefined.


! LaTeX Error: Missing \begin{document}.

See the LaTeX manual or LaTeX Companion for explanation.
Type  H <return>  for immediate help.
 ...                                              
                                                  
l.4 \cvsection{E
                ducation}
You're in trouble here.  Try typing  <return>  to proceed.
If that doesn't work, type  X <return>  to quit.

Missing character: There is no E ("45) in font nullfont!
Missing character: There is no d ("64) in font nullfont!
Missing character: There is no u ("75) in font nullfont!
Missing character: There is no c ("63) in font nullfont!
Missing character: There is no a ("61) in font nullfont!
Missing character: There is no t ("74) in font nullfont!
Missing character: There is no i ("69) in font nullfont!
Missing character: There is no o ("6F) in font nullfont!
Missing character: There is no n ("6E) in font nullfont!

Overfull \hbox (20.0pt too wide) in paragraph at lines 4--5
[] 
 []


! LaTeX Error: Environment cventries undefined.

See the LaTeX manual or LaTeX Companion for explanation.
Type  H <return>  for immediate help.
 ...                                              
                                                  
l.10 \begin{cventries}
                      
Your command was ignored.
Type  I <command> <return>  to replace it with another command,
or  <return>  to continue without it.

! Undefined control sequence.
l.13   \cventry
               
The control sequence at the end of the top line
of your error message was never \def'ed. If you have
misspelled it (e.g., `\hobx'), type `I' and the correct
spelling (e.g., `I\hbox'). Otherwise just continue,
and I'll forget about whatever was undefined.


! LaTeX Error: Missing \begin{document}.

See the LaTeX manual or LaTeX Companion for explanation.
Type  H <return>  for immediate help.
 ...                                              
                                                  
l.14     {P
           h.D. in Cognitive Neuroscience (GPA: 3.96/4.00)} % Degree
You're in trouble here.  Try typing  <return>  to proceed.
If that doesn't work, type  X <return>  to quit.

Missing character: There is no P ("50) in font nullfont!
Missing character: There is no h ("68) in font nullfont!
Missing character: There is no . ("2E) in font nullfont!
Missing character: There is no D ("44) in font nullfont!
Missing character: There is no . ("2E) in font nullfont!
Missing character: There is no i ("69) in font nullfont!
Missing character: There is no n ("6E) in font nullfont!
Missing character: There is no C ("43) in font nullfont!
Missing character: There is no o ("6F) in font nullfont!
Missing character: There is no g ("67) in font nullfont!
Missing character: There is no n ("6E) in font nullfont!
Missing character: There is no i ("69) in font nullfont!
Missing character: There is no t ("74) in font nullfont!
Missing character: There is no i ("69) in font nullfont!
Missing character: There is no v ("76) in font nullfont!
Missing character: There is no e ("65) in font nullfont!
Missing character: There is no N ("4E) in font nullfont!
Missing character: There is no e ("65) in font nullfont!
Missing character: There is no u ("75) in font nullfont!
Missing character: There is no r ("72) in font nullfont!
Missing character: There is no o ("6F) in font nullfont!
Missing character: There is no s ("73) in font nullfont!
Missing character: There is no c ("63) in font nullfont!
Missing character: There is no i ("69) in font nullfont!
Missing character: There is no e ("65) in font nullfont!
Missing character: There is no n ("6E) in font nullfont!
Missing character: There is no c ("63) in font nullfont!
Missing character: There is no e ("65) in font nullfont!
Missing character: There is no ( ("28) in font nullfont!
Missing character: There is no G ("47) in font nullfont!
Missing character: There is no P ("50) in font nullfont!
Missing character: There is no A ("41) in font nullfont!
Missing character: There is no : ("3A) in font nullfont!
Missing character: There is no 3 ("33) in font nullfont!
Missing character: There is no . ("2E) in font nullfont!
Missing character: There is no 9 ("39) in font nullfont!
Missing character: There is no 6 ("36) in font nullfont!
Missing character: There is no / ("2F) in font nullfont!
Missing character: There is no 4 ("34) in font nullfont!
Missing character: There is no . ("2E) in font nullfont!
Missing character: There is no 0 ("30) in font nullfont!
Missing character: There is no 0 ("30) in font nullfont!
Missing character: There is no ) ("29) in font nullfont!
Missing character: There is no U ("55) in font nullfont!
Missing character: There is no n ("6E) in font nullfont!
Missing character: There is no i ("69) in font nullfont!
Missing character: There is no v ("76) in font nullfont!
Missing character: There is no e ("65) in font nullfont!
Missing character: There is no r ("72) in font nullfont!
Missing character: There is no s ("73) in font nullfont!
Missing character: There is no i ("69) in font nullfont!
Missing character: There is no t ("74) in font nullfont!
Missing character: There is no y ("79) in font nullfont!
Missing character: There is no o ("6F) in font nullfont!
Missing character: There is no f ("66) in font nullfont!
Missing character: There is no C ("43) in font nullfont!
Missing character: There is no a ("61) in font nullfont!
Missing character: There is no l ("6C) in font nullfont!
Missing character: There is no i ("69) in font nullfont!
Missing character: There is no f ("66) in font nullfont!
Missing character: There is no o ("6F) in font nullfont!
Missing character: There is no r ("72) in font nullfont!
Missing character: There is no n ("6E) in font nullfont!
Missing character: There is no i ("69) in font nullfont!
Missing character: There is no a ("61) in font nullfont!
Missing character: There is no , ("2C) in font nullfont!
Missing character: There is no B ("42) in font nullfont!
Missing character: There is no e ("65) in font nullfont!
Missing character: There is no r ("72) in font nullfont!
Missing character: There is no k ("6B) in font nullfont!
Missing character: There is no e ("65) in font nullfont!
Missing character: There is no l ("6C) in font nullfont!
Missing character: There is no e ("65) in font nullfont!
Missing character: There is no y ("79) in font nullfont!
Missing character: There is no S ("53) in font nullfont!
Missing character: There is no e ("65) in font nullfont!
Missing character: There is no p ("70) in font nullfont!
Missing character: There is no . ("2E) in font nullfont!
Missing character: There is no 2 ("32) in font nullfont!
Missing character: There is no 0 ("30) in font nullfont!
Missing character: There is no 1 ("31) in font nullfont!
Missing character: There is no 7 ("37) in font nullfont!
Missing character: There is no - ("2D) in font nullfont!
Missing character: There is no E ("45) in font nullfont!
Missing character: There is no x ("78) in font nullfont!
Missing character: There is no p ("70) in font nullfont!
Missing character: There is no e ("65) in font nullfont!
Missing character: There is no c ("63) in font nullfont!
Missing character: There is no t ("74) in font nullfont!
Missing character: There is no e ("65) in font nullfont!
Missing character: There is no d ("64) in font nullfont!
Missing character: There is no : ("3A) in font nullfont!
Missing character: There is no M ("4D) in font nullfont!
Missing character: There is no a ("61) in font nullfont!
Missing character: There is no y ("79) in font nullfont!
Missing character: There is no . ("2E) in font nullfont!
Missing character: There is no 2 ("32) in font nullfont!
Missing character: There is no 0 ("30) in font nullfont!
Missing character: There is no 2 ("32) in font nullfont!
Missing character: There is no 2 ("32) in font nullfont!

! LaTeX Error: Environment cvitems undefined.

See the LaTeX manual or LaTeX Companion for explanation.
Type  H <return>  for immediate help.
 ...                                              
                                                  
l.19       \begin{cvitems}
                           % Description(s) bullet points
Your command was ignored.
Type  I <command> <return>  to replace it with another command,
or  <return>  to continue without it.


Overfull \hbox (20.0pt too wide) in paragraph at lines 14--20
[]
 []


Overfull \hbox (33.04001pt too wide) in paragraph at lines 14--20
\TU/lmr/bx/n/10 Berke-
 []


Overfull \hbox (16.76pt too wide) in paragraph at lines 14--20
\TU/lmr/bx/n/10 ley,
 []


Overfull \hbox (20.92pt too wide) in paragraph at lines 14--20
\TU/lmr/bx/n/10 Cal-
 []


Overfull \hbox (7.02pt too wide) in paragraph at lines 14--20
\TU/lmr/bx/n/10 i-
 []


Overfull \hbox (17.83pt too wide) in paragraph at lines 14--20
\TU/lmr/bx/n/10 for-
 []


Overfull \hbox (15.17pt too wide) in paragraph at lines 14--20
\TU/lmr/bx/n/10 nia
 []


! LaTeX Error: Lonely \item--perhaps a missing list environment.

See the LaTeX manual or LaTeX Companion for explanation.
Type  H <return>  for immediate help.
 ...                                              
                                                  
l.20         \item {
                    \textbf{Advisor}: Richard Ivry, Ph.D.}
Try typing  <return>  to proceed.
If that doesn't work, type  X <return>  to quit.

Missing character: There is no : ("3A) in font nullfont!
Missing character: There is no R ("52) in font nullfont!
Missing character: There is no i ("69) in font nullfont!
Missing character: There is no c ("63) in font nullfont!
Missing character: There is no h ("68) in font nullfont!
Missing character: There is no a ("61) in font nullfont!
Missing character: There is no r ("72) in font nullfont!
Missing character: There is no d ("64) in font nullfont!
Missing character: There is no I ("49) in font nullfont!
Missing character: There is no v ("76) in font nullfont!
Missing character: There is no r ("72) in font nullfont!
Missing character: There is no y ("79) in font nullfont!
Missing character: There is no , ("2C) in font nullfont!
Missing character: There is no P ("50) in font nullfont!
Missing character: There is no h ("68) in font nullfont!
Missing character: There is no . ("2E) in font nullfont!
Missing character: There is no D ("44) in font nullfont!
Missing character: There is no . ("2E) in font nullfont!

Overfull \hbox (39.05pt too wide) in paragraph at lines 20--21
\TU/lmr/bx/n/10 Advisor
 []


! LaTeX Error: Lonely \item--perhaps a missing list environment.

See the LaTeX manual or LaTeX Companion for explanation.
Type  H <return>  for immediate help.
 ...                                              
                                                  
l.21         \item {
                    Certificate: Graduate Applied Data Science, School of In...

Try typing  <return>  to proceed.
If that doesn't work, type  X <return>  to quit.

Missing character: There is no C ("43) in font nullfont!
Missing character: There is no e ("65) in font nullfont!
Missing character: There is no r ("72) in font nullfont!
Missing character: There is no t ("74) in font nullfont!
Missing character: There is no i ("69) in font nullfont!
Missing character: There is no f ("66) in font nullfont!
Missing character: There is no i ("69) in font nullfont!
Missing character: There is no c ("63) in font nullfont!
Missing character: There is no a ("61) in font nullfont!
Missing character: There is no t ("74) in font nullfont!
Missing character: There is no e ("65) in font nullfont!
Missing character: There is no : ("3A) in font nullfont!
Missing character: There is no G ("47) in font nullfont!
Missing character: There is no r ("72) in font nullfont!
Missing character: There is no a ("61) in font nullfont!
Missing character: There is no d ("64) in font nullfont!
Missing character: There is no u ("75) in font nullfont!
Missing character: There is no a ("61) in font nullfont!
Missing character: There is no t ("74) in font nullfont!
Missing character: There is no e ("65) in font nullfont!
Missing character: There is no A ("41) in font nullfont!
Missing character: There is no p ("70) in font nullfont!
Missing character: There is no p ("70) in font nullfont!
Missing character: There is no l ("6C) in font nullfont!
Missing character: There is no i ("69) in font nullfont!
Missing character: There is no e ("65) in font nullfont!
Missing character: There is no d ("64) in font nullfont!
Missing character: There is no D ("44) in font nullfont!
Missing character: There is no a ("61) in font nullfont!
Missing character: There is no t ("74) in font nullfont!
Missing character: There is no a ("61) in font nullfont!
Missing character: There is no S ("53) in font nullfont!
Missing character: There is no c ("63) in font nullfont!
Missing character: There is no i ("69) in font nullfont!
Missing character: There is no e ("65) in font nullfont!
Missing character: There is no n ("6E) in font nullfont!
Missing character: There is no c ("63) in font nullfont!
Missing character: There is no e ("65) in font nullfont!
Missing character: There is no , ("2C) in font nullfont!
Missing character: There is no S ("53) in font nullfont!
Missing character: There is no c ("63) in font nullfont!
Missing character: There is no h ("68) in font nullfont!
Missing character: There is no o ("6F) in font nullfont!
Missing character: There is no o ("6F) in font nullfont!
Missing character: There is no l ("6C) in font nullfont!
Missing character: There is no o ("6F) in font nullfont!
Missing character: There is no f ("66) in font nullfont!
Missing character: There is no I ("49) in font nullfont!
Missing character: There is no n ("6E) in font nullfont!
Missing character: There is no f ("66) in font nullfont!
Missing character: There is no o ("6F) in font nullfont!
Missing character: There is no r ("72) in font nullfont!
Missing character: There is no m ("6D) in font nullfont!
Missing character: There is no a ("61) in font nullfont!
Missing character: There is no t ("74) in font nullfont!
Missing character: There is no i ("69) in font nullfont!
Missing character: There is no o ("6F) in font nullfont!
Missing character: There is no n ("6E) in font nullfont!

! LaTeX Error: Lonely \item--perhaps a missing list environment.

See the LaTeX manual or LaTeX Companion for explanation.
Type  H <return>  for immediate help.
 ...                                              
                                                  
l.22         \item {
                    \textit{Awards: Mark R. Rosenzweig Graduate Fellowship (...

Try typing  <return>  to proceed.
If that doesn't work, type  X <return>  to quit.


! LaTeX Error: \begin{document} ended by \end{cvitems}.

See the LaTeX manual or LaTeX Companion for explanation.
Type  H <return>  for immediate help.
 ...                                              
                                                  
l.23       \end{cvitems}
                        
Your command was ignored.
Type  I <command> <return>  to replace it with another command,
or  <return>  to continue without it.


Overfull \hbox (34.65001pt too wide) in paragraph at lines 22--25
\TU/lmr/m/it/10 Awards:
 []


Overfull \hbox (22.9pt too wide) in paragraph at lines 22--25
\TU/lmr/m/it/10 Mark
 []


Overfull \hbox (10.36pt too wide) in paragraph at lines 22--25
\TU/lmr/m/it/10 R.
 []


Overfull \hbox (29.78pt too wide) in paragraph at lines 22--25
\TU/lmr/m/it/10 Rosen-
 []


Overfull \hbox (23.0pt too wide) in paragraph at lines 22--25
\TU/lmr/m/it/10 zweig
 []


Overfull \hbox (25.25pt too wide) in paragraph at lines 22--25
\TU/lmr/m/it/10 Grad-
 []


Overfull \hbox (8.95pt too wide) in paragraph at lines 22--25
\TU/lmr/m/it/10 u-
 []


Overfull \hbox (13.03pt too wide) in paragraph at lines 22--25
\TU/lmr/m/it/10 ate
 []


Overfull \hbox (16.5pt too wide) in paragraph at lines 22--25
\TU/lmr/m/it/10 Fel-
 []


Overfull \hbox (17.89pt too wide) in paragraph at lines 22--25
\TU/lmr/m/it/10 low-
 []


Overfull \hbox (17.38pt too wide) in paragraph at lines 22--25
\TU/lmr/m/it/10 ship
 []


Overfull \hbox (31.69pt too wide) in paragraph at lines 22--25
\TU/lmr/m/it/10 (2021);
 []


Overfull \hbox (19.94pt too wide) in paragraph at lines 22--25
\TU/lmr/m/it/10 Cog-
 []


Overfull \hbox (12.27pt too wide) in paragraph at lines 22--25
\TU/lmr/m/it/10 ni-
 []


Overfull \hbox (15.59pt too wide) in paragraph at lines 22--25
\TU/lmr/m/it/10 tive
 []


Overfull \hbox (24.03pt too wide) in paragraph at lines 22--25
\TU/lmr/m/it/10 Com-
 []


Overfull \hbox (14.06pt too wide) in paragraph at lines 22--25
\TU/lmr/m/it/10 pu-
 []


Overfull \hbox (12.01pt too wide) in paragraph at lines 22--25
\TU/lmr/m/it/10 ta-
 []


Overfull \hbox (24.79001pt too wide) in paragraph at lines 22--25
\TU/lmr/m/it/10 tional
 []


Overfull \hbox (20.98pt too wide) in paragraph at lines 22--25
\TU/lmr/m/it/10 Neu-
 []


Overfull \hbox (12.4pt too wide) in paragraph at lines 22--25
\TU/lmr/m/it/10 ro-
 []


Overfull \hbox (30.67pt too wide) in paragraph at lines 22--25
\TU/lmr/m/it/10 science
 []


Overfull \hbox (26.97pt too wide) in paragraph at lines 22--25
\TU/lmr/m/it/10 Travel
 []


Overfull \hbox (27.49pt too wide) in paragraph at lines 22--25
\TU/lmr/m/it/10 Award
 []


Overfull \hbox (28.62pt too wide) in paragraph at lines 22--25
\TU/lmr/m/it/10 (2020)
 []

! Undefined control sequence.
l.27   \cventry
               
The control sequence at the end of the top line
of your error message was never \def'ed. If you have
misspelled it (e.g., `\hobx'), type `I' and the correct
spelling (e.g., `I\hbox'). Otherwise just continue,
and I'll forget about whatever was undefined.


! LaTeX Error: Missing \begin{document}.

See the LaTeX manual or LaTeX Companion for explanation.
Type  H <return>  for immediate help.
 ...                                              
                                                  
l.28     {M
           .Sc. in Neuroscience} % Degree
You're in trouble here.  Try typing  <return>  to proceed.
If that doesn't work, type  X <return>  to quit.

Missing character: There is no M ("4D) in font nullfont!
Missing character: There is no . ("2E) in font nullfont!
Missing character: There is no S ("53) in font nullfont!
Missing character: There is no c ("63) in font nullfont!
Missing character: There is no . ("2E) in font nullfont!
Missing character: There is no i ("69) in font nullfont!
Missing character: There is no n ("6E) in font nullfont!
Missing character: There is no N ("4E) in font nullfont!
Missing character: There is no e ("65) in font nullfont!
Missing character: There is no u ("75) in font nullfont!
Missing character: There is no r ("72) in font nullfont!
Missing character: There is no o ("6F) in font nullfont!
Missing character: There is no s ("73) in font nullfont!
Missing character: There is no c ("63) in font nullfont!
Missing character: There is no i ("69) in font nullfont!
Missing character: There is no e ("65) in font nullfont!
Missing character: There is no n ("6E) in font nullfont!
Missing character: There is no c ("63) in font nullfont!
Missing character: There is no e ("65) in font nullfont!
Missing character: There is no W ("57) in font nullfont!
Missing character: There is no e ("65) in font nullfont!
Missing character: There is no s ("73) in font nullfont!
Missing character: There is no t ("74) in font nullfont!
Missing character: There is no e ("65) in font nullfont!
Missing character: There is no r ("72) in font nullfont!
Missing character: There is no n ("6E) in font nullfont!
Missing character: There is no U ("55) in font nullfont!
Missing character: There is no n ("6E) in font nullfont!
Missing character: There is no i ("69) in font nullfont!
Missing character: There is no v ("76) in font nullfont!
Missing character: There is no e ("65) in font nullfont!
Missing character: There is no r ("72) in font nullfont!
Missing character: There is no s ("73) in font nullfont!
Missing character: There is no i ("69) in font nullfont!
Missing character: There is no t ("74) in font nullfont!
Missing character: There is no y ("79) in font nullfont!
Missing character: There is no S ("53) in font nullfont!
Missing character: There is no e ("65) in font nullfont!
Missing character: There is no p ("70) in font nullfont!
Missing character: There is no . ("2E) in font nullfont!
Missing character: There is no 2 ("32) in font nullfont!
Missing character: There is no 0 ("30) in font nullfont!
Missing character: There is no 1 ("31) in font nullfont!
Missing character: There is no 5 ("35) in font nullfont!
Missing character: There is no - ("2D) in font nullfont!
Missing character: There is no M ("4D) in font nullfont!
Missing character: There is no a ("61) in font nullfont!
Missing character: There is no y ("79) in font nullfont!
Missing character: There is no . ("2E) in font nullfont!
Missing character: There is no 2 ("32) in font nullfont!
Missing character: There is no 0 ("30) in font nullfont!
Missing character: There is no 1 ("31) in font nullfont!
Missing character: There is no 7 ("37) in font nullfont!

! LaTeX Error: Environment cvitems undefined.

See the LaTeX manual or LaTeX Companion for explanation.
Type  H <return>  for immediate help.
 ...                                              
                                                  
l.33       \begin{cvitems}
                           % Description(s) bullet points
Your command was ignored.
Type  I <command> <return>  to replace it with another command,
or  <return>  to continue without it.


Overfull \hbox (20.0pt too wide) in paragraph at lines 28--34
[]
 []


Overfull \hbox (22.89pt too wide) in paragraph at lines 28--34
\TU/lmr/bx/n/10 Lon-
 []


Overfull \hbox (21.72pt too wide) in paragraph at lines 28--34
\TU/lmr/bx/n/10 don,
 []


Overfull \hbox (18.86pt too wide) in paragraph at lines 28--34
\TU/lmr/bx/n/10 On-
 []


Overfull \hbox (23.74pt too wide) in paragraph at lines 28--34
\TU/lmr/bx/n/10 tario
 []


! LaTeX Error: Lonely \item--perhaps a missing list environment.

See the LaTeX manual or LaTeX Companion for explanation.
Type  H <return>  for immediate help.
 ...                                              
                                                  
l.34         \item {
                    \textbf{Advisor}: Joern Diedrichsen, Ph.D.}
Try typing  <return>  to proceed.
If that doesn't work, type  X <return>  to quit.

Missing character: There is no : ("3A) in font nullfont!
Missing character: There is no J ("4A) in font nullfont!
Missing character: There is no o ("6F) in font nullfont!
Missing character: There is no e ("65) in font nullfont!
Missing character: There is no r ("72) in font nullfont!
Missing character: There is no n ("6E) in font nullfont!
Missing character: There is no D ("44) in font nullfont!
Missing character: There is no i ("69) in font nullfont!
Missing character: There is no e ("65) in font nullfont!
Missing character: There is no d ("64) in font nullfont!
Missing character: There is no r ("72) in font nullfont!
Missing character: There is no i ("69) in font nullfont!
Missing character: There is no c ("63) in font nullfont!
Missing character: There is no h ("68) in font nullfont!
Missing character: There is no s ("73) in font nullfont!
Missing character: There is no e ("65) in font nullfont!
Missing character: There is no n ("6E) in font nullfont!
Missing character: There is no , ("2C) in font nullfont!
Missing character: There is no P ("50) in font nullfont!
Missing character: There is no h ("68) in font nullfont!
Missing character: There is no . ("2E) in font nullfont!
Missing character: There is no D ("44) in font nullfont!
Missing character: There is no . ("2E) in font nullfont!

Overfull \hbox (39.05pt too wide) in paragraph at lines 34--35
\TU/lmr/bx/n/10 Advisor
 []


! LaTeX Error: Lonely \item--perhaps a missing list environment.

See the LaTeX manual or LaTeX Companion for explanation.
Type  H <return>  for immediate help.
 ...                                              
                                                  
l.35         \item {
                    \textit{Awards: Gordon Cerebellum Student Travel Award (...

Try typing  <return>  to proceed.
If that doesn't work, type  X <return>  to quit.


! LaTeX Error: \begin{document} ended by \end{cvitems}.

See the LaTeX manual or LaTeX Companion for explanation.
Type  H <return>  for immediate help.
 ...                                              
                                                  
l.36       \end{cvitems}
                        
Your command was ignored.
Type  I <command> <return>  to replace it with another command,
or  <return>  to continue without it.


Overfull \hbox (34.65001pt too wide) in paragraph at lines 35--38
\TU/lmr/m/it/10 Awards:
 []


Overfull \hbox (20.65pt too wide) in paragraph at lines 35--38
\TU/lmr/m/it/10 Gor-
 []


Overfull \hbox (15.84pt too wide) in paragraph at lines 35--38
\TU/lmr/m/it/10 don
 []


Overfull \hbox (23.65pt too wide) in paragraph at lines 35--38
\TU/lmr/m/it/10 Cere-
 []


Overfull \hbox (14.83pt too wide) in paragraph at lines 35--38
\TU/lmr/m/it/10 bel-
 []


Overfull \hbox (16.11pt too wide) in paragraph at lines 35--38
\TU/lmr/m/it/10 lum
 []


Overfull \hbox (17.89pt too wide) in paragraph at lines 35--38
\TU/lmr/m/it/10 Stu-
 []


Overfull \hbox (18.65pt too wide) in paragraph at lines 35--38
\TU/lmr/m/it/10 dent
 []


Overfull \hbox (26.97pt too wide) in paragraph at lines 35--38
\TU/lmr/m/it/10 Travel
 []


Overfull \hbox (27.49pt too wide) in paragraph at lines 35--38
\TU/lmr/m/it/10 Award
 []


Overfull \hbox (28.62pt too wide) in paragraph at lines 35--38
\TU/lmr/m/it/10 (2017)
 []

! Undefined control sequence.
l.40   \cventry
               
The control sequence at the end of the top line
of your error message was never \def'ed. If you have
misspelled it (e.g., `\hobx'), type `I' and the correct
spelling (e.g., `I\hbox'). Otherwise just continue,
and I'll forget about whatever was undefined.


! LaTeX Error: Missing \begin{document}.

See the LaTeX manual or LaTeX Companion for explanation.
Type  H <return>  for immediate help.
 ...                                              
                                                  
l.41     {B
           .A. in Psychology and French (Double Major; GPA: 4.0)} % Degree
You're in trouble here.  Try typing  <return>  to proceed.
If that doesn't work, type  X <return>  to quit.

Missing character: There is no B ("42) in font nullfont!
Missing character: There is no . ("2E) in font nullfont!
Missing character: There is no A ("41) in font nullfont!
Missing character: There is no . ("2E) in font nullfont!
Missing character: There is no i ("69) in font nullfont!
Missing character: There is no n ("6E) in font nullfont!
Missing character: There is no P ("50) in font nullfont!
Missing character: There is no s ("73) in font nullfont!
Missing character: There is no y ("79) in font nullfont!
Missing character: There is no c ("63) in font nullfont!
Missing character: There is no h ("68) in font nullfont!
Missing character: There is no o ("6F) in font nullfont!
Missing character: There is no l ("6C) in font nullfont!
Missing character: There is no o ("6F) in font nullfont!
Missing character: There is no g ("67) in font nullfont!
Missing character: There is no y ("79) in font nullfont!
Missing character: There is no a ("61) in font nullfont!
Missing character: There is no n ("6E) in font nullfont!
Missing character: There is no d ("64) in font nullfont!
Missing character: There is no F ("46) in font nullfont!
Missing character: There is no r ("72) in font nullfont!
Missing character: There is no e ("65) in font nullfont!
Missing character: There is no n ("6E) in font nullfont!
Missing character: There is no c ("63) in font nullfont!
Missing character: There is no h ("68) in font nullfont!
Missing character: There is no ( ("28) in font nullfont!
Missing character: There is no D ("44) in font nullfont!
Missing character: There is no o ("6F) in font nullfont!
Missing character: There is no u ("75) in font nullfont!
Missing character: There is no b ("62) in font nullfont!
Missing character: There is no l ("6C) in font nullfont!
Missing character: There is no e ("65) in font nullfont!
Missing character: There is no M ("4D) in font nullfont!
Missing character: There is no a ("61) in font nullfont!
Missing character: There is no j ("6A) in font nullfont!
Missing character: There is no o ("6F) in font nullfont!
Missing character: There is no r ("72) in font nullfont!
Missing character: There is no ; ("3B) in font nullfont!
Missing character: There is no G ("47) in font nullfont!
Missing character: There is no P ("50) in font nullfont!
Missing character: There is no A ("41) in font nullfont!
Missing character: There is no : ("3A) in font nullfont!
Missing character: There is no 4 ("34) in font nullfont!
Missing character: There is no . ("2E) in font nullfont!
Missing character: There is no 0 ("30) in font nullfont!
Missing character: There is no ) ("29) in font nullfont!
Missing character: There is no T ("54) in font nullfont!
Missing character: There is no r ("72) in font nullfont!
Missing character: There is no i ("69) in font nullfont!
Missing character: There is no n ("6E) in font nullfont!
Missing character: There is no i ("69) in font nullfont!
Missing character: There is no t ("74) in font nullfont!
Missing character: There is no y ("79) in font nullfont!
Missing character: There is no C ("43) in font nullfont!
Missing character: There is no o ("6F) in font nullfont!
Missing character: There is no l ("6C) in font nullfont!
Missing character: There is no l ("6C) in font nullfont!
Missing character: There is no e ("65) in font nullfont!
Missing character: There is no g ("67) in font nullfont!
Missing character: There is no e ("65) in font nullfont!
Missing character: There is no D ("44) in font nullfont!
Missing character: There is no u ("75) in font nullfont!
Missing character: There is no b ("62) in font nullfont!
Missing character: There is no l ("6C) in font nullfont!
Missing character: There is no i ("69) in font nullfont!
Missing character: There is no n ("6E) in font nullfont!
Missing character: There is no S ("53) in font nullfont!
Missing character: There is no e ("65) in font nullfont!
Missing character: There is no p ("70) in font nullfont!
Missing character: There is no . ("2E) in font nullfont!
Missing character: There is no 2 ("32) in font nullfont!
Missing character: There is no 0 ("30) in font nullfont!
Missing character: There is no 1 ("31) in font nullfont!
Missing character: There is no 0 ("30) in font nullfont!
Missing character: There is no - ("2D) in font nullfont!
Missing character: There is no M ("4D) in font nullfont!
Missing character: There is no a ("61) in font nullfont!
Missing character: There is no y ("79) in font nullfont!
Missing character: There is no . ("2E) in font nullfont!
Missing character: There is no 2 ("32) in font nullfont!
Missing character: There is no 0 ("30) in font nullfont!
Missing character: There is no 1 ("31) in font nullfont!
Missing character: There is no 4 ("34) in font nullfont!

! LaTeX Error: Environment cvitems undefined.

See the LaTeX manual or LaTeX Companion for explanation.
Type  H <return>  for immediate help.
 ...                                              
                                                  
l.46       \begin{cvitems}
                           % Description(s) bullet points
Your command was ignored.
Type  I <command> <return>  to replace it with another command,
or  <return>  to continue without it.


Overfull \hbox (20.0pt too wide) in paragraph at lines 41--47
[]
 []


Overfull \hbox (37.56pt too wide) in paragraph at lines 41--47
\TU/lmr/bx/n/10 Dublin,
 []


Overfull \hbox (18.2pt too wide) in paragraph at lines 41--47
\TU/lmr/bx/n/10 Ire-
 []


Overfull \hbox (21.56pt too wide) in paragraph at lines 41--47
\TU/lmr/bx/n/10 land
 []


! LaTeX Error: Lonely \item--perhaps a missing list environment.

See the LaTeX manual or LaTeX Companion for explanation.
Type  H <return>  for immediate help.
 ...                                              
                                                  
l.47         \item {
                    \textbf{Advisor}: Redmond O'Connell, PhD}
Try typing  <return>  to proceed.
If that doesn't work, type  X <return>  to quit.

Missing character: There is no : ("3A) in font nullfont!
Missing character: There is no R ("52) in font nullfont!
Missing character: There is no e ("65) in font nullfont!
Missing character: There is no d ("64) in font nullfont!
Missing character: There is no m ("6D) in font nullfont!
Missing character: There is no o ("6F) in font nullfont!
Missing character: There is no n ("6E) in font nullfont!
Missing character: There is no d ("64) in font nullfont!
Missing character: There is no O ("4F) in font nullfont!
Missing character: There is no ' ("27) in font nullfont!
Missing character: There is no C ("43) in font nullfont!
Missing character: There is no o ("6F) in font nullfont!
Missing character: There is no n ("6E) in font nullfont!
Missing character: There is no n ("6E) in font nullfont!
Missing character: There is no e ("65) in font nullfont!
Missing character: There is no l ("6C) in font nullfont!
Missing character: There is no l ("6C) in font nullfont!
Missing character: There is no , ("2C) in font nullfont!
Missing character: There is no P ("50) in font nullfont!
Missing character: There is no h ("68) in font nullfont!
Missing character: There is no D ("44) in font nullfont!

Overfull \hbox (39.05pt too wide) in paragraph at lines 47--48
\TU/lmr/bx/n/10 Advisor
 []


! LaTeX Error: Lonely \item--perhaps a missing list environment.

See the LaTeX manual or LaTeX Companion for explanation.
Type  H <return>  for immediate help.
 ...                                              
                                                  
l.48         \item {
                    \textit{Awards: Irish Research Council Postgraduate Scho...

Try typing  <return>  to proceed.
If that doesn't work, type  X <return>  to quit.


! LaTeX Error: \begin{document} ended by \end{cvitems}.

See the LaTeX manual or LaTeX Companion for explanation.
Type  H <return>  for immediate help.
 ...                                              
                                                  
l.49       \end{cvitems}
                        
Your command was ignored.
Type  I <command> <return>  to replace it with another command,
or  <return>  to continue without it.


Overfull \hbox (34.65001pt too wide) in paragraph at lines 48--51
\TU/lmr/m/it/10 Awards:
 []


Overfull \hbox (20.35pt too wide) in paragraph at lines 48--51
\TU/lmr/m/it/10 Irish
 []


Overfull \hbox (14.96pt too wide) in paragraph at lines 48--51
\TU/lmr/m/it/10 Re-
 []


Overfull \hbox (26.71pt too wide) in paragraph at lines 48--51
\TU/lmr/m/it/10 search
 []


Overfull \hbox (26.84pt too wide) in paragraph at lines 48--51
\TU/lmr/m/it/10 Coun-
 []


Overfull \hbox (10.23pt too wide) in paragraph at lines 48--51
\TU/lmr/m/it/10 cil
 []


Overfull \hbox (22.88pt too wide) in paragraph at lines 48--51
\TU/lmr/m/it/10 Post-
 []


Overfull \hbox (22.11pt too wide) in paragraph at lines 48--51
\TU/lmr/m/it/10 grad-
 []


Overfull \hbox (8.95pt too wide) in paragraph at lines 48--51
\TU/lmr/m/it/10 u-
 []


Overfull \hbox (13.03pt too wide) in paragraph at lines 48--51
\TU/lmr/m/it/10 ate
 []


Overfull \hbox (26.58pt too wide) in paragraph at lines 48--51
\TU/lmr/m/it/10 Schol-
 []


Overfull \hbox (12.91pt too wide) in paragraph at lines 48--51
\TU/lmr/m/it/10 ar-
 []


Overfull \hbox (17.38pt too wide) in paragraph at lines 48--51
\TU/lmr/m/it/10 ship
 []


Overfull \hbox (31.69pt too wide) in paragraph at lines 48--51
\TU/lmr/m/it/10 (2015);
 []


Overfull \hbox (29.03pt too wide) in paragraph at lines 48--51
\TU/lmr/m/it/10 Ussher
 []


Overfull \hbox (16.5pt too wide) in paragraph at lines 48--51
\TU/lmr/m/it/10 Fel-
 []


Overfull \hbox (17.89pt too wide) in paragraph at lines 48--51
\TU/lmr/m/it/10 low-
 []


Overfull \hbox (20.45pt too wide) in paragraph at lines 48--51
\TU/lmr/m/it/10 ship,
 []


Overfull \hbox (22.88pt too wide) in paragraph at lines 48--51
\TU/lmr/m/it/10 Trin-
 []


Overfull \hbox (11.25pt too wide) in paragraph at lines 48--51
\TU/lmr/m/it/10 ity
 []


Overfull \hbox (18.41pt too wide) in paragraph at lines 48--51
\TU/lmr/m/it/10 Col-
 []


Overfull \hbox (15.85pt too wide) in paragraph at lines 48--51
\TU/lmr/m/it/10 lege
 []


Overfull \hbox (28.77pt too wide) in paragraph at lines 48--51
\TU/lmr/m/it/10 Dublin
 []


Overfull \hbox (31.69pt too wide) in paragraph at lines 48--51
\TU/lmr/m/it/10 (2015);
 []


Overfull \hbox (13.05pt too wide) in paragraph at lines 48--51
\TU/lmr/m/it/10 US
 []


Overfull \hbox (17.27pt too wide) in paragraph at lines 48--51
\TU/lmr/m/it/10 Ful-
 []


Overfull \hbox (24.92pt too wide) in paragraph at lines 48--51
\TU/lmr/m/it/10 bright
 []


Overfull \hbox (19.18001pt too wide) in paragraph at lines 48--51
\TU/lmr/m/it/10 Pro-
 []


Overfull \hbox (21.6pt too wide) in paragraph at lines 48--51
\TU/lmr/m/it/10 gram
 []


Overfull \hbox (29.52pt too wide) in paragraph at lines 48--51
\TU/lmr/m/it/10 (short-
 []


Overfull \hbox (29.4pt too wide) in paragraph at lines 48--51
\TU/lmr/m/it/10 listed);
 []


Overfull \hbox (23.29001pt too wide) in paragraph at lines 48--51
\TU/lmr/m/it/10 Well-
 []


Overfull \hbox (21.98pt too wide) in paragraph at lines 48--51
\TU/lmr/m/it/10 come
 []


Overfull \hbox (23.39pt too wide) in paragraph at lines 48--51
\TU/lmr/m/it/10 Trust
 []


Overfull \hbox (36.18001pt too wide) in paragraph at lines 48--51
\TU/lmr/m/it/10 Biomed-
 []


Overfull \hbox (6.65pt too wide) in paragraph at lines 48--51
\TU/lmr/m/it/10 i-
 []


Overfull \hbox (11.76pt too wide) in paragraph at lines 48--51
\TU/lmr/m/it/10 cal
 []


Overfull \hbox (26.58pt too wide) in paragraph at lines 48--51
\TU/lmr/m/it/10 Schol-
 []


Overfull \hbox (12.91pt too wide) in paragraph at lines 48--51
\TU/lmr/m/it/10 ar-
 []


Overfull \hbox (17.38pt too wide) in paragraph at lines 48--51
\TU/lmr/m/it/10 ship
 []


Overfull \hbox (31.69pt too wide) in paragraph at lines 48--51
\TU/lmr/m/it/10 (2014);
 []


Overfull \hbox (15.98pt too wide) in paragraph at lines 48--51
\TU/lmr/m/it/10 En-
 []


Overfull \hbox (26.45pt too wide) in paragraph at lines 48--51
\TU/lmr/m/it/10 trance
 []


Overfull \hbox (26.58pt too wide) in paragraph at lines 48--51
\TU/lmr/m/it/10 Schol-
 []


Overfull \hbox (12.91pt too wide) in paragraph at lines 48--51
\TU/lmr/m/it/10 ar-
 []


Overfull \hbox (20.45pt too wide) in paragraph at lines 48--51
\TU/lmr/m/it/10 ship,
 []


Overfull \hbox (22.88pt too wide) in paragraph at lines 48--51
\TU/lmr/m/it/10 Trin-
 []


Overfull \hbox (11.25pt too wide) in paragraph at lines 48--51
\TU/lmr/m/it/10 ity
 []


Overfull \hbox (18.41pt too wide) in paragraph at lines 48--51
\TU/lmr/m/it/10 Col-
 []


Overfull \hbox (15.85pt too wide) in paragraph at lines 48--51
\TU/lmr/m/it/10 lege
 []


Overfull \hbox (28.77pt too wide) in paragraph at lines 48--51
\TU/lmr/m/it/10 Dublin
 []


! LaTeX Error: \begin{document} ended by \end{cventries}.

See the LaTeX manual or LaTeX Companion for explanation.
Type  H <return>  for immediate help.
 ...                                              
                                                  
l.53 \end{cventries}
                    
Your command was ignored.
Type  I <command> <return>  to replace it with another command,
or  <return>  to continue without it.

)
! Emergency stop.
<*> education.tex
                 
*** (job aborted, no legal \end found)

 
Here is how much of TeX's memory you used:
 24 strings out of 476919
 499 string characters out of 5821841
 295912 words of memory out of 5000000
 20124 multiletter control sequences out of 15000+600000
 403446 words of font info for 29 fonts, out of 8000000 for 9000
 1348 hyphenation exceptions out of 8191
 13i,1n,15p,296b,83s stack positions out of 5000i,500n,10000p,200000b,80000s
No pages of output.
